
Starting array job 2821406 on Job array index 12
/pasteur/homes/ykim/miniconda3/bin/python
{'run_consensus': True, 'n_components': 1, 'tol': 1e-05, 'min_mutation': 10, 'ngh_max': 11, 'lambd': 1, 'run_bootstrap': True, 'overwrite': False, 'alpha': 0.7, 'tol_nmf': 0.001, 'keep_singletons': False, 'compute': True, 'data_folder': '../data/', 'n_permutations': 1000, 'qn': 'median', 'max_mutation': 2000, 'result_folder': '../data/result_Hofree/'}
------------ load_data.py ------------
 ==== Entrez gene ID in PPI 
 ==== patients' ID  
 ==== mutation profiles  
 ==== Entrez gene ID and gene symbols in mutation profiles  
 ==== load_Hofree_data 
 ==== Adjacency matrix 
------------ formatting_data.py ------------
 ==== classify_gene_index  
 ==== all_genes_in_submatrices 
 ==== ABC  
 ==== mut_total  
 ==== filter only genes in PPI  
 ==== all_genes_in_submatrices finish  
------------ filtering_diffusion.py ------------
***** Same parameters file of PPI influence already exists ***** 2016-07-18 17:35:24
Removing 13 patients with less than 10 or more than 2000 mutations
New adjacency matrix: (12233, 12233)
New mutation profile matrix: (235, 12233)
 ==== propagation ==== 
Propagation iteration = 1  ----- 2016-07-18 17:35:49
Propagation iteration = 2  ----- 2016-07-18 17:35:50
Propagation iteration = 3  ----- 2016-07-18 17:35:50
Propagation iteration = 4  ----- 2016-07-18 17:35:51
Propagation iteration = 5  ----- 2016-07-18 17:35:51
Propagation iteration = 6  ----- 2016-07-18 17:35:52
Propagation iteration = 7  ----- 2016-07-18 17:35:52
Propagation iteration = 8  ----- 2016-07-18 17:35:53
Propagation iteration = 9  ----- 2016-07-18 17:35:53
Propagation iteration = 10  ----- 2016-07-18 17:35:54
Propagation iteration = 11  ----- 2016-07-18 17:35:54
Propagation iteration = 12  ----- 2016-07-18 17:35:55
Propagation iteration = 13  ----- 2016-07-18 17:35:55
Propagation iteration = 14  ----- 2016-07-18 17:35:56
Propagation iteration = 15  ----- 2016-07-18 17:35:56
Propagation iteration = 16  ----- 2016-07-18 17:35:57
Propagation iteration = 17  ----- 2016-07-18 17:35:57
Propagation iteration = 18  ----- 2016-07-18 17:35:58
Propagation iteration = 19  ----- 2016-07-18 17:35:58
Propagation iteration = 20  ----- 2016-07-18 17:35:58
Propagation iteration = 21  ----- 2016-07-18 17:35:59
Propagation iteration = 22  ----- 2016-07-18 17:35:59
Propagation iteration = 23  ----- 2016-07-18 17:36:00
Propagation iteration = 24  ----- 2016-07-18 17:36:00
Propagation iteration = 25  ----- 2016-07-18 17:36:01
Propagation iteration = 26  ----- 2016-07-18 17:36:01
Propagation iteration = 27  ----- 2016-07-18 17:36:02
---------- Propagation on median_qn mutation profile = 0:00:13.867744 ---------- 2016-07-18 17:36:03
------------ clustering.py ------------
/pasteur/projets/policy01/cinq/min/github/stratipy/stratipy/clustering.py:227: UserWarning: Iteration limit reached during fit
  warnings.warn("Iteration limit reached during fit")
Bootstrap : 0 / 1000 permutations ----- 2016-07-18 17:36:03
Traceback (most recent call last):
  File "runHofree.py", line 106, in <module>
    all_functions(params[i])
  File "runHofree.py", line 90, in all_functions
    run_bootstrap, lambd, tol_nmf))
  File "/pasteur/projets/policy01/cinq/min/github/stratipy/stratipy/clustering.py", line 286, in bootstrap
    patients_clustering[patients_boot, perm] = np.argmax(W, axis=1)
  File "/pasteur/homes/ykim/miniconda3/lib/python3.5/site-packages/numpy/core/fromnumeric.py", line 974, in argmax
    return argmax(axis, out)
ValueError: axis(=1) out of bounds
