
Starting array job 2821406 on Job array index 1
/pasteur/homes/ykim/miniconda3/bin/python
{'max_mutation': 2000, 'lambd': 0, 'n_components': 1, 'compute': True, 'data_folder': '../data/', 'qn': None, 'run_consensus': True, 'n_permutations': 1000, 'run_bootstrap': True, 'keep_singletons': False, 'min_mutation': 10, 'tol': 1e-05, 'tol_nmf': 0.001, 'overwrite': False, 'alpha': 0, 'ngh_max': 11, 'result_folder': '../data/result_Hofree/'}
------------ load_data.py ------------
 ==== Entrez gene ID in PPI 
 ==== patients' ID  
 ==== mutation profiles  
 ==== Entrez gene ID and gene symbols in mutation profiles  
 ==== load_Hofree_data 
 ==== Adjacency matrix 
------------ formatting_data.py ------------
 ==== classify_gene_index  
 ==== all_genes_in_submatrices 
 ==== ABC  
 ==== mut_total  
 ==== filter only genes in PPI  
 ==== all_genes_in_submatrices finish  
------------ filtering_diffusion.py ------------
***** Same parameters file of PPI influence already exists ***** 2016-07-18 17:35:24
Removing 13 patients with less than 10 or more than 2000 mutations
New adjacency matrix: (12233, 12233)
New mutation profile matrix: (235, 12233)
---------- Propagation on raw mutation profile = 0:00:00.008172 ---------- 2016-07-18 17:35:32
------------ clustering.py ------------
/pasteur/projets/policy01/cinq/min/github/stratipy/stratipy/clustering.py:227: UserWarning: Iteration limit reached during fit
  warnings.warn("Iteration limit reached during fit")
Bootstrap : 0 / 1000 permutations ----- 2016-07-18 17:35:32
Traceback (most recent call last):
  File "runHofree.py", line 106, in <module>
    all_functions(params[i])
  File "runHofree.py", line 90, in all_functions
    run_bootstrap, lambd, tol_nmf))
  File "/pasteur/projets/policy01/cinq/min/github/stratipy/stratipy/clustering.py", line 286, in bootstrap
    patients_clustering[patients_boot, perm] = np.argmax(W, axis=1)
  File "/pasteur/homes/ykim/miniconda3/lib/python3.5/site-packages/numpy/core/fromnumeric.py", line 974, in argmax
    return argmax(axis, out)
ValueError: axis(=1) out of bounds
